[debug] [2022-06-09T01:44:36.983Z] ----------------------------------------------------------------------
[debug] [2022-06-09T01:44:36.987Z] Command:       C:\Program Files\nodejs\node.exe C:\Users\ASUS\AppData\Roaming\npm\node_modules\firebase-tools\lib\bin\firebase.js deploy
[debug] [2022-06-09T01:44:36.988Z] CLI Version:   11.0.1
[debug] [2022-06-09T01:44:36.988Z] Platform:      win32
[debug] [2022-06-09T01:44:36.988Z] Node Version:  v16.14.0
[debug] [2022-06-09T01:44:36.991Z] Time:          Thu Jun 09 2022 08:44:36 GMT+0700 (Indochina Time)
[debug] [2022-06-09T01:44:36.991Z] ----------------------------------------------------------------------
[debug] 
[debug] [2022-06-09T01:44:37.087Z] > command requires scopes: ["email","openid","https://www.googleapis.com/auth/cloudplatformprojects.readonly","https://www.googleapis.com/auth/firebase","https://www.googleapis.com/auth/cloud-platform"]
[debug] [2022-06-09T01:44:37.087Z] > authorizing via signed-in user (c2006f0570@bangkit.academy)
[debug] [2022-06-09T01:44:37.088Z] [iam] checking project bangkit-capstone-eden for permissions ["cloudfunctions.functions.create","cloudfunctions.functions.delete","cloudfunctions.functions.get","cloudfunctions.functions.list","cloudfunctions.functions.update","cloudfunctions.operations.get","firebase.projects.get"]
[debug] [2022-06-09T01:44:37.089Z] > refreshing access token with scopes: []
[debug] [2022-06-09T01:44:37.090Z] >>> HTTP REQUEST POST https://www.googleapis.com/oauth2/v3/token  
 <request body omitted>
[debug] [2022-06-09T01:44:37.244Z] <<< HTTP RESPONSE 200 {"cache-control":"no-cache, no-store, max-age=0, must-revalidate","pragma":"no-cache","date":"Thu, 09 Jun 2022 01:44:38 GMT","expires":"Mon, 01 Jan 1990 00:00:00 GMT","content-type":"application/json; charset=utf-8","vary":"X-Origin, Referer, Origin,Accept-Encoding","server":"scaffolding on HTTPServer2","x-xss-protection":"0","x-frame-options":"SAMEORIGIN","x-content-type-options":"nosniff","alt-svc":"h3=\":443\"; ma=2592000,h3-29=\":443\"; ma=2592000,h3-Q050=\":443\"; ma=2592000,h3-Q046=\":443\"; ma=2592000,h3-Q043=\":443\"; ma=2592000,quic=\":443\"; ma=2592000; v=\"46,43\"","accept-ranges":"none","transfer-encoding":"chunked"}
[debug] [2022-06-09T01:44:37.277Z] >>> [apiv2][query] POST https://cloudresourcemanager.googleapis.com/v1/projects/bangkit-capstone-eden:testIamPermissions [none]
[debug] [2022-06-09T01:44:37.278Z] >>> [apiv2][body] POST https://cloudresourcemanager.googleapis.com/v1/projects/bangkit-capstone-eden:testIamPermissions {"permissions":["cloudfunctions.functions.create","cloudfunctions.functions.delete","cloudfunctions.functions.get","cloudfunctions.functions.list","cloudfunctions.functions.update","cloudfunctions.operations.get","firebase.projects.get"]}
[debug] [2022-06-09T01:44:38.366Z] <<< [apiv2][status] POST https://cloudresourcemanager.googleapis.com/v1/projects/bangkit-capstone-eden:testIamPermissions 200
[debug] [2022-06-09T01:44:38.368Z] <<< [apiv2][body] POST https://cloudresourcemanager.googleapis.com/v1/projects/bangkit-capstone-eden:testIamPermissions {"permissions":["cloudfunctions.functions.create","cloudfunctions.functions.delete","cloudfunctions.functions.get","cloudfunctions.functions.list","cloudfunctions.functions.update","cloudfunctions.operations.get","firebase.projects.get"]}
[debug] [2022-06-09T01:44:38.369Z] >>> [apiv2][query] POST https://iam.googleapis.com/v1/projects/bangkit-capstone-eden/serviceAccounts/bangkit-capstone-eden@appspot.gserviceaccount.com:testIamPermissions [none]
[debug] [2022-06-09T01:44:38.370Z] >>> [apiv2][body] POST https://iam.googleapis.com/v1/projects/bangkit-capstone-eden/serviceAccounts/bangkit-capstone-eden@appspot.gserviceaccount.com:testIamPermissions {"permissions":["iam.serviceAccounts.actAs"]}
[debug] [2022-06-09T01:44:39.575Z] <<< [apiv2][status] POST https://iam.googleapis.com/v1/projects/bangkit-capstone-eden/serviceAccounts/bangkit-capstone-eden@appspot.gserviceaccount.com:testIamPermissions 200
[debug] [2022-06-09T01:44:39.576Z] <<< [apiv2][body] POST https://iam.googleapis.com/v1/projects/bangkit-capstone-eden/serviceAccounts/bangkit-capstone-eden@appspot.gserviceaccount.com:testIamPermissions {"permissions":["iam.serviceAccounts.actAs"]}
[info] 
[info] === Deploying to 'bangkit-capstone-eden'...
[info] 
[info] i  deploying functions 
[info] Running command: npm --prefix "$RESOURCE_DIR" run lint
[info] +  functions: Finished running predeploy script. 
[debug] [2022-06-09T01:44:46.912Z] >>> [apiv2][query] GET https://firebase.googleapis.com/v1beta1/projects/bangkit-capstone-eden [none]
